<?xml version="1.0" encoding="UTF-8"?>
<testng-results skipped="0" failed="0" ignored="0" total="2" passed="2">
  <reporter-output>
  </reporter-output>
  <suite name="Default suite" duration-ms="70852" started-at="2020-12-25T13:24:31 IST" finished-at="2020-12-25T13:25:42 IST">
    <groups>
    </groups>
    <test name="Default test" duration-ms="70852" started-at="2020-12-25T13:24:31 IST" finished-at="2020-12-25T13:25:42 IST">
      <class name="com.automationpractice.org.AutomationPractice">
        <test-method status="PASS" signature="automationSite()[pri:0, instance:com.automationpractice.org.AutomationPractice@5a1c0542]" name="automationSite" is-config="true" duration-ms="34830" started-at="2020-12-25T13:24:31 IST" finished-at="2020-12-25T13:25:06 IST">
          <reporter-output>
          </reporter-output>
        </test-method> <!-- automationSite -->
        <test-method status="PASS" signature="sitePages()[pri:1, instance:com.automationpractice.org.AutomationPractice@5a1c0542]" name="sitePages" duration-ms="6230" started-at="2020-12-25T13:25:06 IST" finished-at="2020-12-25T13:25:12 IST">
          <reporter-output>
          </reporter-output>
        </test-method> <!-- sitePages -->
        <test-method status="PASS" signature="paymentPage()[pri:2, instance:com.automationpractice.org.AutomationPractice@5a1c0542]" name="paymentPage" duration-ms="28344" started-at="2020-12-25T13:25:12 IST" finished-at="2020-12-25T13:25:40 IST">
          <reporter-output>
          </reporter-output>
        </test-method> <!-- paymentPage -->
        <test-method status="PASS" signature="browserClose()[pri:0, instance:com.automationpractice.org.AutomationPractice@5a1c0542]" name="browserClose" is-config="true" duration-ms="1337" started-at="2020-12-25T13:25:40 IST" finished-at="2020-12-25T13:25:42 IST">
          <reporter-output>
          </reporter-output>
        </test-method> <!-- browserClose -->
      </class> <!-- com.automationpractice.org.AutomationPractice -->
    </test> <!-- Default test -->
  </suite> <!-- Default suite -->
</testng-results>
